<?xml version="1.0" encoding="UTF-8"?>
<!-- Generated by org.testng.reporters.JUnitXMLReporter -->
<testsuite hostname="BLRKEC334480D" ignored="1" name="Default test" tests="1" failures="0" timestamp="06 Aug 2018 11:30:40 GMT" time="252.069" errors="0">
  <testcase name="searchProduct" time="250.38" classname="app.tests.EndToEndTestCases"/>
  <testcase name="checkoutProduct" time="0.0" classname="app.tests.EndToEndTestCases">
    <ignored/>
  </testcase> <!-- checkoutProduct -->
</testsuite> <!-- Default test -->
