<?xml version="1.0" encoding="UTF-8"?>
<testng-results skipped="0" failed="1" ignored="1" total="2" passed="0">
  <reporter-output>
    <line>
      <![CDATA[07-Aug-2018 10:46:58 AM : Entering the login credentials: Username-macuser@gmail.com Password-androiduser123]]>
    </line>
    <line>
      <![CDATA[07-Aug-2018 10:47:54 AM : Search Item:TV]]>
    </line>
    <line>
      <![CDATA[07-Aug-2018 10:48:19 AM : Clicking on a random product at position:2]]>
    </line>
    <line>
      <![CDATA[07-Aug-2018 10:48:31 AM : Verifying whether product name and price matches with that of search results page]]>
    </line>
    <line>
      <![CDATA[07-Aug-2018 10:48:33 AM : Add the product to cart]]>
    </line>
    <line>
      <![CDATA[07-Aug-2018 10:48:37 AM : Choose default quantity]]>
    </line>
    <line>
      <![CDATA[07-Aug-2018 10:48:45 AM : Click on review button]]>
    </line>
    <line>
      <![CDATA[<a href='./screenshots/checkoutProduct.png'>Screenshot</a>]]>
    </line>
    <line>
      <![CDATA[<br> <a href='C:\Users\aswathy_krishnan\eclipse-workspace\EbayAutomation\test-output\screenshots\checkoutProduct.png'> <img src='C:\Users\aswathy_krishnan\eclipse-workspace\EbayAutomation\test-output\screenshots\checkoutProduct.png' height='200' width='200'/> </a> <br>]]>
    </line>
    <line>
      <![CDATA[07-Aug-2018 10:48:52 AM : User Sign out]]>
    </line>
  </reporter-output>
  <suite name="Test Results" duration-ms="156209" started-at="2018-08-07T05:16:42Z" finished-at="2018-08-07T05:19:18Z">
    <groups>
      <group name="checkoutProduct">
        <method signature="EndToEndTestCases.checkoutProduct()[pri:0, instance:app.tests.EndToEndTestCases@4b213651]" name="checkoutProduct" class="app.tests.EndToEndTestCases"/>
      </group> <!-- checkoutProduct -->
    </groups>
    <test name="Command line test a3d18dfe-b354-49a2-ac90-67465e78cf1b" duration-ms="156209" started-at="2018-08-07T05:16:42Z" finished-at="2018-08-07T05:19:18Z">
      <class name="app.tests.EndToEndTestCases">
        <test-method status="FAIL" signature="checkoutProduct()[pri:0, instance:app.tests.EndToEndTestCases@4b213651]" name="checkoutProduct" duration-ms="124111" started-at="2018-08-07T10:46:42Z" finished-at="2018-08-07T10:48:46Z">
          <exception class="org.openqa.selenium.NoSuchElementException">
            <message>
              <![CDATA[An element could not be located on the page using the given search parameters. (WARNING: The server did not provide any stacktrace information)
Command duration or timeout: 0 milliseconds
For documentation on this error, please visit: http://seleniumhq.org/exceptions/no_such_element.html
Build info: version: '3.8.1', revision: '6e95a6684b', time: '2017-12-01T19:05:14.666Z'
System info: host: 'BLRKEC334480D', ip: '172.21.6.91', os.name: 'Windows 8.1', os.arch: 'amd64', os.version: '6.3', java.version: '1.8.0_131'
Driver info: io.appium.java_client.android.AndroidDriver
Capabilities {app: C:\Users\aswathy_krishnan\D..., appActivity: com.ebay.mobile.activities...., appPackage: com.ebay.mobile, appWaitActivity: com.ebay.mobile.activities...., appWaitPackage: com.ebay.mobile, browserName: , databaseEnabled: false, desired: {app: C:\Users\aswathy_krishnan\D..., appPackage: com.ebay.mobile, browserName: , deviceName: 1c71acda, fullReset: false, launchActivity: com.ebay.mobile.MainActivity, noReset: true, platformName: Android, platformVersion: 5.1.1}, deviceManufacturer: LENOVO, deviceModel: Lenovo A6020a46, deviceName: 1c71acda, deviceScreenSize: 1080x1920, deviceUDID: 1c71acda, fullReset: false, javascriptEnabled: true, launchActivity: com.ebay.mobile.MainActivity, locationContextEnabled: false, networkConnectionEnabled: true, noReset: true, platform: LINUX, platformName: LINUX, platformVersion: 5.1.1, takesScreenshot: true, warnings: {}, webStorageEnabled: false}
Session ID: d52976aa-693c-49de-b1dd-fd942ab94c12
*** Element info: {Using=id, value=com.ebay.mobile:id/take_act}]]>
            </message>
            <full-stacktrace>
              <![CDATA[org.openqa.selenium.NoSuchElementException: An element could not be located on the page using the given search parameters. (WARNING: The server did not provide any stacktrace information)
Command duration or timeout: 0 milliseconds
For documentation on this error, please visit: http://seleniumhq.org/exceptions/no_such_element.html
Build info: version: '3.8.1', revision: '6e95a6684b', time: '2017-12-01T19:05:14.666Z'
System info: host: 'BLRKEC334480D', ip: '172.21.6.91', os.name: 'Windows 8.1', os.arch: 'amd64', os.version: '6.3', java.version: '1.8.0_131'
Driver info: io.appium.java_client.android.AndroidDriver
Capabilities {app: C:\Users\aswathy_krishnan\D..., appActivity: com.ebay.mobile.activities...., appPackage: com.ebay.mobile, appWaitActivity: com.ebay.mobile.activities...., appWaitPackage: com.ebay.mobile, browserName: , databaseEnabled: false, desired: {app: C:\Users\aswathy_krishnan\D..., appPackage: com.ebay.mobile, browserName: , deviceName: 1c71acda, fullReset: false, launchActivity: com.ebay.mobile.MainActivity, noReset: true, platformName: Android, platformVersion: 5.1.1}, deviceManufacturer: LENOVO, deviceModel: Lenovo A6020a46, deviceName: 1c71acda, deviceScreenSize: 1080x1920, deviceUDID: 1c71acda, fullReset: false, javascriptEnabled: true, launchActivity: com.ebay.mobile.MainActivity, locationContextEnabled: false, networkConnectionEnabled: true, noReset: true, platform: LINUX, platformName: LINUX, platformVersion: 5.1.1, takesScreenshot: true, warnings: {}, webStorageEnabled: false}
Session ID: d52976aa-693c-49de-b1dd-fd942ab94c12
*** Element info: {Using=id, value=com.ebay.mobile:id/take_act}
	at sun.reflect.NativeConstructorAccessorImpl.newInstance0(Native Method)
	at sun.reflect.NativeConstructorAccessorImpl.newInstance(Unknown Source)
	at sun.reflect.DelegatingConstructorAccessorImpl.newInstance(Unknown Source)
	at java.lang.reflect.Constructor.newInstance(Unknown Source)
	at org.openqa.selenium.remote.ErrorHandler.createThrowable(ErrorHandler.java:214)
	at org.openqa.selenium.remote.ErrorHandler.throwIfResponseFailed(ErrorHandler.java:166)
	at org.openqa.selenium.remote.http.JsonHttpResponseCodec.reconstructValue(JsonHttpResponseCodec.java:40)
	at org.openqa.selenium.remote.http.AbstractHttpResponseCodec.decode(AbstractHttpResponseCodec.java:80)
	at org.openqa.selenium.remote.http.AbstractHttpResponseCodec.decode(AbstractHttpResponseCodec.java:44)
	at org.openqa.selenium.remote.HttpCommandExecutor.execute(HttpCommandExecutor.java:164)
	at io.appium.java_client.remote.AppiumCommandExecutor.execute(AppiumCommandExecutor.java:89)
	at org.openqa.selenium.remote.RemoteWebDriver.execute(RemoteWebDriver.java:601)
	at io.appium.java_client.DefaultGenericMobileDriver.execute(DefaultGenericMobileDriver.java:42)
	at io.appium.java_client.AppiumDriver.execute(AppiumDriver.java:1)
	at io.appium.java_client.android.AndroidDriver.execute(AndroidDriver.java:1)
	at org.openqa.selenium.remote.RemoteWebDriver.findElement(RemoteWebDriver.java:371)
	at io.appium.java_client.DefaultGenericMobileDriver.findElement(DefaultGenericMobileDriver.java:62)
	at io.appium.java_client.AppiumDriver.findElement(AppiumDriver.java:1)
	at io.appium.java_client.android.AndroidDriver.findElement(AndroidDriver.java:1)
	at org.openqa.selenium.remote.RemoteWebDriver.findElementById(RemoteWebDriver.java:417)
	at io.appium.java_client.DefaultGenericMobileDriver.findElementById(DefaultGenericMobileDriver.java:70)
	at io.appium.java_client.AppiumDriver.findElementById(AppiumDriver.java:1)
	at io.appium.java_client.android.AndroidDriver.findElementById(AndroidDriver.java:1)
	at org.openqa.selenium.By$ById.findElement(By.java:218)
	at org.openqa.selenium.remote.RemoteWebDriver.findElement(RemoteWebDriver.java:363)
	at io.appium.java_client.DefaultGenericMobileDriver.findElement(DefaultGenericMobileDriver.java:58)
	at io.appium.java_client.AppiumDriver.findElement(AppiumDriver.java:1)
	at io.appium.java_client.android.AndroidDriver.findElement(AndroidDriver.java:1)
	at core.Action.findElement(Unknown Source)
	at app.pages.ProductDetailsPage.clickOnReviewButton(Unknown Source)
	at app.tests.EndToEndTestCases.checkoutProduct(Unknown Source)
	at sun.reflect.NativeMethodAccessorImpl.invoke0(Native Method)
	at sun.reflect.NativeMethodAccessorImpl.invoke(Unknown Source)
	at sun.reflect.DelegatingMethodAccessorImpl.invoke(Unknown Source)
	at java.lang.reflect.Method.invoke(Unknown Source)
	at org.testng.internal.MethodInvocationHelper.invokeMethod(MethodInvocationHelper.java:108)
	at org.testng.internal.Invoker.invokeMethod(Invoker.java:661)
	at org.testng.internal.Invoker.invokeTestMethod(Invoker.java:869)
	at org.testng.internal.Invoker.invokeTestMethods(Invoker.java:1193)
	at org.testng.internal.TestMethodWorker.invokeTestMethods(TestMethodWorker.java:126)
	at org.testng.internal.TestMethodWorker.run(TestMethodWorker.java:109)
	at java.util.concurrent.ThreadPoolExecutor.runWorker(Unknown Source)
	at java.util.concurrent.ThreadPoolExecutor$Worker.run(Unknown Source)
	at java.lang.Thread.run(Unknown Source)
]]>
            </full-stacktrace>
          </exception> <!-- org.openqa.selenium.NoSuchElementException -->
          <reporter-output>
            <line>
              <![CDATA[07-Aug-2018 10:46:58 AM : Entering the login credentials: Username-macuser@gmail.com Password-androiduser123]]>
            </line>
            <line>
              <![CDATA[07-Aug-2018 10:47:54 AM : Search Item:TV]]>
            </line>
            <line>
              <![CDATA[07-Aug-2018 10:48:19 AM : Clicking on a random product at position:2]]>
            </line>
            <line>
              <![CDATA[07-Aug-2018 10:48:31 AM : Verifying whether product name and price matches with that of search results page]]>
            </line>
            <line>
              <![CDATA[07-Aug-2018 10:48:33 AM : Add the product to cart]]>
            </line>
            <line>
              <![CDATA[07-Aug-2018 10:48:37 AM : Choose default quantity]]>
            </line>
            <line>
              <![CDATA[07-Aug-2018 10:48:45 AM : Click on review button]]>
            </line>
            <line>
              <![CDATA[<a href='./screenshots/checkoutProduct.png'>Screenshot</a>]]>
            </line>
            <line>
              <![CDATA[<br> <a href='C:\Users\aswathy_krishnan\eclipse-workspace\EbayAutomation\test-output\screenshots\checkoutProduct.png'> <img src='C:\Users\aswathy_krishnan\eclipse-workspace\EbayAutomation\test-output\screenshots\checkoutProduct.png' height='200' width='200'/> </a> <br>]]>
            </line>
            <line>
              <![CDATA[07-Aug-2018 10:48:52 AM : User Sign out]]>
            </line>
          </reporter-output>
        </test-method> <!-- checkoutProduct -->
      </class> <!-- app.tests.EndToEndTestCases -->
    </test> <!-- Command line test a3d18dfe-b354-49a2-ac90-67465e78cf1b -->
  </suite> <!-- Test Results -->
</testng-results>
