<?xml version="1.0" encoding="UTF-8"?>
<!-- Generated by org.testng.reporters.JUnitXMLReporter -->
<testsuite hostname="BLRKEC334480D" ignored="1" name="Command line test 44ca0a7a-7056-4404-9a15-87e84b1eaecd" tests="1" failures="0" timestamp="07 Aug 2018 04:55:07 GMT" time="163.512" errors="0">
  <testcase name="checkoutProduct" time="162.571" classname="app.tests.EndToEndTestCases"/>
  <testcase name="searchProduct" time="0.0" classname="app.tests.EndToEndTestCases">
    <ignored/>
  </testcase> <!-- searchProduct -->
</testsuite> <!-- Command line test 44ca0a7a-7056-4404-9a15-87e84b1eaecd -->
