<?xml version="1.0" encoding="UTF-8"?>
<!-- Generated by org.testng.reporters.JUnitXMLReporter -->
<testsuite hostname="BLRKEC334480D" ignored="1" name="Command line test c9100ab9-a940-48ff-8712-26751d99009c" tests="1" failures="1" timestamp="06 Aug 2018 13:09:12 GMT" time="41.031" errors="0">
  <testcase name="searchProduct" time="36.683" classname="app.tests.EndToEndTestCases">
    <failure type="java.lang.NullPointerException">
      <![CDATA[java.lang.NullPointerException
	at core.Action.findElement(Unknown Source)
	at app.pages.HomePage.signIn(Unknown Source)
	at app.tests.EndToEndTestCases.searchProduct(Unknown Source)
	at java.util.concurrent.ThreadPoolExecutor.runWorker(Unknown Source)
	at java.util.concurrent.ThreadPoolExecutor$Worker.run(Unknown Source)
	at java.lang.Thread.run(Unknown Source)
... Removed 10 stack frames]]>
    </failure>
  </testcase> <!-- searchProduct -->
  <testcase name="checkoutProduct" time="0.0" classname="app.tests.EndToEndTestCases">
    <ignored/>
  </testcase> <!-- checkoutProduct -->
</testsuite> <!-- Command line test c9100ab9-a940-48ff-8712-26751d99009c -->
