<?xml version="1.0" encoding="UTF-8"?>
<!-- Generated by org.testng.reporters.JUnitXMLReporter -->
<testsuite hostname="BLRKEC334480D" ignored="1" name="Command line test 6dc50fff-eeb2-4840-8df7-1a3ae2cb5ee7" tests="1" failures="1" timestamp="07 Aug 2018 04:13:53 GMT" time="18.134" errors="0">
  <testcase name="checkoutProduct" time="18.058" classname="app.tests.EndToEndTestCases">
    <failure type="java.lang.NullPointerException">
      <![CDATA[java.lang.NullPointerException
	at core.Action.findElement(Unknown Source)
	at app.pages.HomePage.signIn(Unknown Source)
	at app.tests.EndToEndTestCases.checkoutProduct(Unknown Source)
	at java.util.concurrent.ThreadPoolExecutor.runWorker(Unknown Source)
	at java.util.concurrent.ThreadPoolExecutor$Worker.run(Unknown Source)
	at java.lang.Thread.run(Unknown Source)
... Removed 10 stack frames]]>
    </failure>
  </testcase> <!-- checkoutProduct -->
  <testcase name="searchProduct" time="0.0" classname="app.tests.EndToEndTestCases">
    <ignored/>
  </testcase> <!-- searchProduct -->
</testsuite> <!-- Command line test 6dc50fff-eeb2-4840-8df7-1a3ae2cb5ee7 -->
