<?xml version="1.0" encoding="UTF-8"?>
<!-- Generated by org.testng.reporters.JUnitXMLReporter -->
<testsuite hostname="BLRKEC334480D" ignored="1" name="Command line test 3d3e7543-c381-4dd0-a70e-8ddafc819683" tests="1" failures="0" timestamp="06 Aug 2018 12:35:38 GMT" time="256.379" errors="0">
  <testcase name="searchProduct" time="253.603" classname="app.tests.EndToEndTestCases"/>
  <testcase name="checkoutProduct" time="0.0" classname="app.tests.EndToEndTestCases">
    <ignored/>
  </testcase> <!-- checkoutProduct -->
</testsuite> <!-- Command line test 3d3e7543-c381-4dd0-a70e-8ddafc819683 -->
