<?xml version="1.0" encoding="UTF-8"?>
<!-- Generated by org.testng.reporters.JUnitXMLReporter -->
<testsuite hostname="BLRKEC334480D" ignored="2" tests="0" failures="0" timestamp="06 Aug 2018 13:20:31 GMT" time="0.01" errors="0">
  <testcase name="checkoutProduct" time="0.0" classname="app.tests.EndToEndTestCases">
    <ignored/>
  </testcase> <!-- checkoutProduct -->
  <testcase name="searchProduct" time="0.0" classname="app.tests.EndToEndTestCases">
    <ignored/>
  </testcase> <!-- searchProduct -->
</testsuite>
