<?xml version="1.0" encoding="UTF-8"?>
<!-- Generated by org.testng.reporters.JUnitXMLReporter -->
<testsuite hostname="BLRKEC334480D" ignored="1" name="Command line test 24ac4ae9-4623-4247-bcfc-4cf57ff11a21" tests="1" failures="0" timestamp="06 Aug 2018 13:26:09 GMT" time="168.395" errors="0">
  <testcase name="checkoutProduct" time="167.201" classname="app.tests.EndToEndTestCases"/>
  <testcase name="searchProduct" time="0.0" classname="app.tests.EndToEndTestCases">
    <ignored/>
  </testcase> <!-- searchProduct -->
</testsuite> <!-- Command line test 24ac4ae9-4623-4247-bcfc-4cf57ff11a21 -->
