<?xml version="1.0" encoding="UTF-8"?>
<!-- Generated by org.testng.reporters.JUnitXMLReporter -->
<testsuite hostname="BLRKEC334480D" ignored="1" name="Command line test eed3c0b3-99f7-45a0-bb59-a9c89713eb07" tests="1" failures="0" timestamp="06 Aug 2018 12:42:37 GMT" time="277.588" errors="0">
  <testcase name="searchProduct" time="275.101" classname="app.tests.EndToEndTestCases"/>
  <testcase name="checkoutProduct" time="0.0" classname="app.tests.EndToEndTestCases">
    <ignored/>
  </testcase> <!-- checkoutProduct -->
</testsuite> <!-- Command line test eed3c0b3-99f7-45a0-bb59-a9c89713eb07 -->
